12 [140357797390272] INFO perfrun.launcher <> - Launcher main begin
13 [140357797390272] INFO perfrun.launcher <> - MessageCatalogInit finished
13 [140357797390272] INFO perfrun.launcher <> - Launcher instance created
13 [140357797390272] INFO perfrun.launcher <> - argc = 7; cmdline = /opt/intel/oneapi/advisor/2023.0.0/bin64/advixe-runss --ui-output-format xml --ui-output-fd 6 --option-file /home/user14/Vishwjeet_Ujgare/HPC Programming/script for running advisor tool/v1/e000/hs000/config/runss.options 
84 [140357797390272] INFO perfrun.launcher <> - create msngr2::ICliToolContext
84 [140357797390272] INFO perfrun.launcher <> - create file finder object
84 [140357797390272] INFO perfrun.launcher <> - create a result directory: pattern = /home/user14/Vishwjeet_Ujgare/HPC Programming/script for running advisor tool/v1/e000/hs000 pid = 4294967295
87 [140357797390272] INFO perfrun.sdk <> - checked that the directory /home/user14/Vishwjeet_Ujgare/HPC Programming/script for running advisor tool/v1/e000/hs000 is a local directory
87 [140357797390272] INFO perfrun.sdk <> - the directory /home/user14/Vishwjeet_Ujgare/HPC Programming/script for running advisor tool/v1/e000/hs000 is a local directory with FS type ID 1481003842
87 [140357797390272] INFO perfrun.launcher <> - create data directory = /home/user14/Vishwjeet_Ujgare/HPC Programming/script for running advisor tool/v1/e000/hs000/data.0
87 [140357797390272] INFO perfrun.launcher <> - Creating the master collection flag
96 [140357797390272] INFO perfrun.launcher <> - Done creating the master collection flag
104 [140357676697344] INFO perfrun.launcher <> - plugin [remoteplug] was disabled because it doesn't support the given collection type.
105 [140357676697344] INFO perfrun.sdk <> - Allocating TMU :/home/user14/Vishwjeet_Ujgare/HPC Programming/script for running advisor tool/v1/e000/hs000/data.0/systemcollector-101640-shavak.sc
105 [140357676697344] INFO perfrun.launcher <> - plugin [] was disabled because it doesn't support the given collection type.
105 [140357676697344] INFO perfrun.launcher <> - plugin [gpu] was disabled because it doesn't support the given collection type.
105 [140357676697344] INFO perfrun.launcher <> - plugin [] was disabled because it doesn't support the given collection type.
105 [140357676697344] INFO perfrun.launcher <> - plugin [] was disabled because it doesn't support the given collection type.
105 [140357676697344] INFO perfrun.launcher <> - plugin [] was disabled because it doesn't support the given collection type.
105 [140357676697344] INFO perfrun.mrte <> - system-wide mode is 0
105 [140357676697344] INFO perfrun.mrte <> - Getting  mrte profiling environment ...
120 [140357676697344] INFO perfrun.mrte <> - INTEL_MRTE_DATA_DIR=/home/user14/Vishwjeet_Ujgare/HPC Programming/script for running advisor tool/v1/e000/hs000/data.0
120 [140357676697344] INFO perfrun.mrte <> - INTEL_MRTE_HOST_NAME=shavak
120 [140357676697344] INFO perfrun.mrte <> - JAVA_TOOL_OPTIONS=-agentlib:advixe_tpssmrte_javaprof_1.0 -Dsun.boot.library.path=/opt/intel/oneapi/advisor/2023.0.0/lib32/runtime:/opt/intel/oneapi/advisor/2023.0.0/lib64/runtime
120 [140357676697344] INFO perfrun.mrte <> - LD_LIBRARY_PATH=/opt/intel/oneapi/advisor/2023.0.0/lib32/runtime:/opt/intel/oneapi/advisor/2023.0.0/lib64/runtime
120 [140357676697344] INFO perfrun.mrte <> - Data directory: /home/user14/Vishwjeet_Ujgare/HPC Programming/script for running advisor tool/v1/e000/hs000/data.0
120 [140357676697344] INFO perfrun.mrte <> - Mrte plugin is initialized
120 [140357676697344] INFO perfrun.launcher <> - plugin [] was disabled because it doesn't support the given collection type.
120 [140357676697344] INFO perfrun.launcher <> - plugin [] was disabled because it doesn't support the given collection type.
120 [140357676697344] INFO perfrun.launcher <> - plugin [] was disabled because it doesn't support the given collection type.
120 [140357676697344] INFO perfrun.launcher <> - plugin [] was disabled because it doesn't support the given collection type.
120 [140357676697344] INFO perfrun.launcher <> - plugin [] was disabled because it doesn't support the given collection type.
120 [140357676697344] INFO perfrun.launcher <> - plugin [] was disabled because it doesn't support the given collection type.
120 [140357676697344] INFO perfrun.launcher <> - plugin [] was disabled because it doesn't support the given collection type.
120 [140357676697344] INFO perfrun.tpss <> - initialize tpss controller
120 [140357676697344] INFO perfrun.tpss <> - configure collection mode: value = cpu:stack
120 [140357676697344] INFO perfrun.tpss <> - default obj-size-min=1024
120 [140357676697344] INFO perfrun.tpss <> - default hash-table-size=0
120 [140357676697344] INFO perfrun.launcher <> - plugin [] was disabled because it doesn't support the given collection type.
120 [140357676697344] INFO perfrun.launcher <> - plugin [] was disabled because it doesn't support the given collection type.
120 [140357676697344] INFO perfrun.launcher <> - plugin [] was disabled because it doesn't support the given collection type.
120 [140357676697344] INFO perfrun.launcher <> - plugin [] was disabled because it doesn't support the given collection type.
120 [140357676697344] INFO perfrun.launcher <> - plugin [] was disabled because it doesn't support the given collection type.
120 [140357676697344] INFO perfrun.launcher <> - plugin [] was disabled because it doesn't support the given collection type.
120 [140357676697344] INFO perfrun.launcher <> - plugin [] was disabled because it doesn't support the given collection type.
120 [140357676697344] INFO perfrun.launcher <> - plugin [] was disabled because it doesn't support the given collection type.
120 [140357676697344] INFO perfrun.launcher <> - plugin [] was disabled because it doesn't support the given collection type.
120 [140357797390272] INFO perfrun.launcher <> - set environment variable: LD_LIBRARY_PATH = /opt/intel/oneapi/advisor/2023.0.0/lib32/runtime:/opt/intel/oneapi/advisor/2023.0.0/lib64/runtime
120 [140357797390272] INFO perfrun.launcher <> - set environment variable: INTEL_LIBITTNOTIFY32 = /opt/intel/oneapi/advisor/2023.0.0/lib32/runtime/libittnotify_collector.so
120 [140357797390272] INFO perfrun.launcher <> - set environment variable: INTEL_LIBITTNOTIFY64 = /opt/intel/oneapi/advisor/2023.0.0/lib64/runtime/libittnotify_collector.so
120 [140357797390272] INFO perfrun.launcher <> - set environment variable: INTEL_ITTNOTIFY_GROUPS = 
121 [140357797390272] INFO perfrun.launcher <> - set environment variable: INTEL_JIT_PROFILER32 = /opt/intel/oneapi/advisor/2023.0.0/lib32/runtime/libittnotify_collector.so
121 [140357797390272] INFO perfrun.launcher <> - set environment variable: INTEL_JIT_PROFILER64 = /opt/intel/oneapi/advisor/2023.0.0/lib64/runtime/libittnotify_collector.so
121 [140357797390272] INFO perfrun.launcher <> - set environment variable: OMP_TOOL_LIBRARIES = /opt/intel/oneapi/advisor/2023.0.0/lib32/runtime/libittnotify_collector.so:/opt/intel/oneapi/advisor/2023.0.0/lib64/runtime/libittnotify_collector.so
121 [140357797390272] INFO perfrun.launcher <> - set environment variable: ENABLE_JITPROFILING = 1
121 [140357797390272] INFO perfrun.launcher <> - set environment variable: CL_CONFIG_USE_VTUNE = True
121 [140357797390272] INFO perfrun.launcher <> - set environment variable: KMP_FORKJOIN_FRAMES = 0
121 [140357797390272] INFO perfrun.launcher <> - set environment variable: KMP_FORKJOIN_FRAMES_MODE = 0
121 [140357797390272] INFO perfrun.launcher <> - set environment variable: OMP_TOOL = disabled
121 [140357797390272] INFO perfrun.launcher <> - set environment variable: INTEL_MRTE_DATA_DIR = /home/user14/Vishwjeet_Ujgare/HPC Programming/script for running advisor tool/v1/e000/hs000/data.0
121 [140357797390272] INFO perfrun.launcher <> - set environment variable: INTEL_MRTE_HOST_NAME = shavak
121 [140357797390272] INFO perfrun.launcher <> - set environment variable: JAVA_TOOL_OPTIONS = -agentlib:advixe_tpssmrte_javaprof_1.0 -Dsun.boot.library.path=/opt/intel/oneapi/advisor/2023.0.0/lib32/runtime:/opt/intel/oneapi/advisor/2023.0.0/lib64/runtime
121 [140357797390272] INFO perfrun.launcher <> - set environment variable: LD_LIBRARY_PATH = /opt/intel/oneapi/advisor/2023.0.0/lib32/runtime:/opt/intel/oneapi/advisor/2023.0.0/lib64/runtime
121 [140357797390272] INFO perfrun.launcher <> - RpcServer: run RPC server to handle requests
122 [140357797390272] INFO perfrun.launcher <> - Launcher: command line to start before modification = ./executable_output_files/mmult_serial
122 [140357797390272] INFO perfrun.launcher <> - Launcher: command line to start after modification = /opt/intel/oneapi/advisor/2023.0.0/bin64/pin -error_file /home/user14/Vishwjeet_Ujgare/HPC Programming/script for running advisor tool/v1/e000/hs000/data.0/pinerr.tpsslog -detach_reattach -follow_execv -tool_load_option deepbind -t64 /opt/intel/oneapi/advisor/2023.0.0/lib64/libtpsstool.so -t /opt/intel/oneapi/advisor/2023.0.0/lib32/libtpsstool.so -server_name tpss_ipc.101640 -prd_dir /opt/intel/oneapi/advisor/2023.0.0 -- ./executable_output_files/mmult_serial
122 [140357797390272] INFO perfrun.launcher <> - ProcessCreator object was created
123 [140357797390272] INFO perfrun.launcher <> - Launcher: the process was started in suspend mode
127 [140357676697344] WARN perfrun.system <> - Could not do anything with /sys/kernel/debug/kvm: boost::filesystem::status: Permission denied: "/sys/kernel/debug/kvm", at file: vcs/perfrun1/plugins/system/src/trace_writer.cpp:787
131 [140357676697344] WARN perfrun.sdk <> - SEP tool is not available, at file: vcs/perfrun1/plugins/pluginsdk/src/device_mapper.cpp:590
131 [140357676697344] WARN perfrun.sdk <> - SEP driver is not available, at file: vcs/perfrun1/plugins/pluginsdk/src/device_mapper.cpp:745
131 [140357676697344] WARN perfrun.sdk <> - amplxe-perf tool is not available, at file: vcs/perfrun1/plugins/pluginsdk/src/device_mapper.cpp:606
131 [140357676697344] WARN perfrun.sdk <> - Device mapping through perf is not available on current kernel, at file: vcs/perfrun1/plugins/pluginsdk/src/device_mapper.cpp:943
135 [140357676697344] WARN perfrun.sdk <> - SEP tool is not available, at file: vcs/perfrun1/plugins/pluginsdk/src/device_mapper.cpp:590
135 [140357676697344] WARN perfrun.sdk <> - SEP driver is not available, at file: vcs/perfrun1/plugins/pluginsdk/src/device_mapper.cpp:745
135 [140357676697344] WARN perfrun.sdk <> - Failed to find xl binary on any of the system paths: /bin, /sbin, /usr/bin, /usr/sbin., at file: vcs/perfrun1/sdk/src/utils.cpp:204
138 [140357676697344] INFO perfrun.vdso <> - Helper runtool '/opt/intel/oneapi/advisor/2023.0.0/bin32/advixe-runss -dump-vdso -r /home/user14/Vishwjeet_Ujgare/HPC Programming/script for running advisor tool/v1/e000/hs000 --tmp-dir /tmp/advixe-tmp-user14' returned 1
286 [140357676697344] INFO perfrun.vdso <> - Helper runtool '/opt/intel/oneapi/advisor/2023.0.0/bin64/advixe-runss -dump-vdso -r /home/user14/Vishwjeet_Ujgare/HPC Programming/script for running advisor tool/v1/e000/hs000 --tmp-dir /tmp/advixe-tmp-user14' returned 0
286 [140357676697344] INFO perfrun.itt <> - start itt controller for pid #101683
286 [140357676697344] INFO perfrun.tpss <> - start tpss controller for pid #101683
337 [140357797390272] INFO perfrun.launcher <> - Launcher: all plugins were started
337 [140357797390272] INFO perfrun.launcher <> - DirectoryMonitor object was created
337 [140357797390272] INFO perfrun.launcher <> - DirectoryMonitor: a callback was added
337 [140357797390272] INFO perfrun.launcher <> - DirectoryMonitor was started with pingTime = 1000
337 [140357797390272] INFO perfrun.launcher <> - DeadlineTimer is going to be constructed
337 [140357797390272] INFO perfrun.launcher <> - DeadlineTimer: a callback was added
348 [140357797390272] INFO perfrun.launcher <> - Launcher: resume the profiled application and  wait its termination or stop command
5193 [140357797390272] INFO perfrun.launcher <> - Launcher: the profiled application was terminated  with exit code = 0
5204 [140357676697344] INFO perfrun.itt <> - detach itt controller
5204 [140357676697344] INFO perfrun.itt <> - detach itt controller done
5204 [140357676697344] INFO perfrun.tpss <> - stop tpss controller
5205 [140357676697344] INFO perfrun.sdk <> - De-allocating TMU: /home/user14/Vishwjeet_Ujgare/HPC Programming/script for running advisor tool/v1/e000/hs000/data.0/systemcollector-101640-shavak.sc
5205 [140357676697344] INFO perfrun.system <> - closed the system trace file: /home/user14/Vishwjeet_Ujgare/HPC Programming/script for running advisor tool/v1/e000/hs000/data.0/systemcollector-101640-shavak.sc
5205 [140357797390272] INFO perfrun.launcher <> - Launcher: all plugins were stopped.
5205 [140357797390272] INFO perfrun.launcher <> - DeadlineTimer is going to be destroyed
5205 [140357797390272] INFO perfrun.launcher <> - DeadlineTimer was destroyed
5205 [140357797390272] INFO perfrun.launcher <> - DirectoryMonitor object was destroyed
5205 [140357797390272] WARN perfrun.launcher <> - Stop command is ignored because it is received when collection is already stopped, at file: vcs/perfrun1/launcher/src/command_handler.cpp:226
5206 [140357797390272] INFO perfrun.launcher <> - Application exit code: 0
5206 [140357797390272] INFO perfrun.launcher <> - Exit code: 0
