11 [139879319742400] INFO perfrun.launcher <> - Launcher main begin
12 [139879319742400] INFO perfrun.launcher <> - MessageCatalogInit finished
12 [139879319742400] INFO perfrun.launcher <> - Launcher instance created
12 [139879319742400] INFO perfrun.launcher <> - argc = 6; cmdline = /opt/intel/oneapi/advisor/2023.0.0/bin64/advixe-runss -dump-vdso -r /home/user14/Vishwjeet_Ujgare/HPC Programming/script for running advisor tool/v1/e000/hs000 --tmp-dir /tmp/advixe-tmp-user14 
80 [139879319742400] INFO perfrun.launcher <> - create msngr2::ICliToolContext
81 [139879319742400] INFO perfrun.launcher <> - create file finder object
88 [139879199049472] INFO perfrun.launcher <> - plugin [remoteplug] was disabled because it doesn't support the given collection type.
88 [139879199049472] INFO perfrun.launcher <> - plugin [system] was disabled because it doesn't support the given collection type.
88 [139879199049472] INFO perfrun.vdso <> - dumping [vdso] pseudomodule
121 [139879199049472] INFO perfrun.launcher <> - plugin [itt] was disabled because it doesn't support the given collection type.
121 [139879199049472] INFO perfrun.launcher <> - plugin [] was disabled because it doesn't support the given collection type.
121 [139879199049472] INFO perfrun.launcher <> - plugin [gpu] was disabled because it doesn't support the given collection type.
121 [139879199049472] INFO perfrun.launcher <> - plugin [] was disabled because it doesn't support the given collection type.
121 [139879199049472] INFO perfrun.launcher <> - plugin [] was disabled because it doesn't support the given collection type.
121 [139879199049472] INFO perfrun.launcher <> - plugin [] was disabled because it doesn't support the given collection type.
121 [139879199049472] INFO perfrun.launcher <> - plugin [mrte] was disabled because it doesn't support the given collection type.
121 [139879199049472] INFO perfrun.launcher <> - plugin [] was disabled because it doesn't support the given collection type.
121 [139879199049472] INFO perfrun.launcher <> - plugin [] was disabled because it doesn't support the given collection type.
121 [139879199049472] INFO perfrun.launcher <> - plugin [] was disabled because it doesn't support the given collection type.
121 [139879199049472] INFO perfrun.launcher <> - plugin [] was disabled because it doesn't support the given collection type.
121 [139879199049472] INFO perfrun.launcher <> - plugin [] was disabled because it doesn't support the given collection type.
121 [139879199049472] INFO perfrun.launcher <> - plugin [] was disabled because it doesn't support the given collection type.
121 [139879199049472] INFO perfrun.launcher <> - plugin [] was disabled because it doesn't support the given collection type.
121 [139879199049472] INFO perfrun.launcher <> - plugin [tpss] was disabled because it doesn't support the given collection type.
121 [139879199049472] INFO perfrun.launcher <> - plugin [] was disabled because it doesn't support the given collection type.
121 [139879199049472] INFO perfrun.launcher <> - plugin [] was disabled because it doesn't support the given collection type.
121 [139879199049472] INFO perfrun.launcher <> - plugin [] was disabled because it doesn't support the given collection type.
121 [139879199049472] INFO perfrun.launcher <> - plugin [] was disabled because it doesn't support the given collection type.
121 [139879199049472] INFO perfrun.launcher <> - plugin [] was disabled because it doesn't support the given collection type.
122 [139879199049472] INFO perfrun.launcher <> - plugin [] was disabled because it doesn't support the given collection type.
122 [139879199049472] INFO perfrun.launcher <> - plugin [] was disabled because it doesn't support the given collection type.
122 [139879199049472] INFO perfrun.launcher <> - plugin [] was disabled because it doesn't support the given collection type.
122 [139879199049472] INFO perfrun.launcher <> - plugin [] was disabled because it doesn't support the given collection type.
122 [139879319742400] INFO perfrun.launcher <> - Application exit code: 0
122 [139879319742400] INFO perfrun.launcher <> - Exit code: 0
