<?xml version="1.0" encoding="utf-8"?>
<log version="1.0" tool="runtool">

<msg id="1" tool="runtool">
  <type>log-start</type>
  <arg>2024/06/21 17:52:00</arg>
</msg>
<msg id="2" tool="runtool">
  <type>collector-starts</type>
</msg>
<msg id="3" tool="runtool">
  <type>marker-file</type>
  <arg>/home/user14/Vishwjeet/HPC Programming/mmult_report/e000/dp000/dp000.advixe</arg>
</msg>
<msg id="4" tool="tc">
  <type>SUPPORT_ONLY_ZCA</type>
  <severity>WARNING</severity>
  <timestamp>Fri Jun 21 10:22:00 2024</timestamp>
</msg>
<msg id="5" tool="tc">
  <type>START</type>
  <severity>INFO</severity>
  <timestamp>Fri Jun 21 10:22:00 2024</timestamp>
</msg>
<msg id="6" tool="tc">
  <type>EXEC_OF_INTEREST</type>
  <arg>/home/user14/Vishwjeet/HPC Programming/mmult_serial</arg>
  <arg>68731</arg>
  <severity>INFO</severity>
  <timestamp>Fri Jun 21 10:22:00 2024</timestamp>
</msg>
<msg id="7" tool="tc">
  <type>LOAD_MODULE</type>
  <arg>/home/user14/Vishwjeet/HPC Programming/mmult_serial</arg>
  <arg>0x400000</arg>
  <arg>0x6022d7</arg>
  <arg>2</arg>
  <severity>INFO</severity>
  <timestamp>Fri Jun 21 10:22:00 2024</timestamp>
</msg>
<msg id="8" tool="tc">
  <type>LOAD_MODULE</type>
  <arg>/lib64/ld-linux-x86-64.so.2</arg>
  <arg>0x7f514fbb1000</arg>
  <arg>0x7f514fdd414f</arg>
  <arg>3</arg>
  <severity>INFO</severity>
  <timestamp>Fri Jun 21 10:22:00 2024</timestamp>
</msg>
<msg id="9" tool="tc">
  <type>LOAD_MODULE</type>
  <arg>[vdso]</arg>
  <arg>0x7ffcf69ea000</arg>
  <arg>0x7ffcf69eae6c</arg>
  <arg>4</arg>
  <severity>INFO</severity>
  <timestamp>Fri Jun 21 10:22:00 2024</timestamp>
</msg>
<msg id="10" tool="tc">
  <type>LOAD_MODULE</type>
  <arg>/lib64/libstdc++.so.6</arg>
  <arg>0x7f51392c5000</arg>
  <arg>0x7f51395cc41f</arg>
  <arg>5</arg>
  <severity>INFO</severity>
  <timestamp>Fri Jun 21 10:22:00 2024</timestamp>
</msg>
<msg id="11" tool="tc">
  <type>LOAD_MODULE</type>
  <arg>/lib64/libm.so.6</arg>
  <arg>0x7f5138f0f000</arg>
  <arg>0x7f5139210137</arg>
  <arg>6</arg>
  <severity>INFO</severity>
  <timestamp>Fri Jun 21 10:22:00 2024</timestamp>
</msg>
<msg id="12" tool="tc">
  <type>LOAD_MODULE</type>
  <arg>/lib64/libgcc_s.so.1</arg>
  <arg>0x7f5138cf9000</arg>
  <arg>0x7f5138f0e3ff</arg>
  <arg>7</arg>
  <severity>INFO</severity>
  <timestamp>Fri Jun 21 10:22:00 2024</timestamp>
</msg>
<msg id="13" tool="tc">
  <type>LOAD_MODULE</type>
  <arg>/lib64/libc.so.6</arg>
  <arg>0x7f513892b000</arg>
  <arg>0x7f5138cf81ff</arg>
  <arg>8</arg>
  <severity>INFO</severity>
  <timestamp>Fri Jun 21 10:22:00 2024</timestamp>
</msg>
<msg id="14" tool="tc">
  <type>UNLOAD_MODULE</type>
  <arg>/home/user14/Vishwjeet/HPC Programming/mmult_serial</arg>
  <arg>2</arg>
  <severity>INFO</severity>
  <timestamp>Fri Jun 21 11:03:47 2024</timestamp>
</msg>
<msg id="15" tool="tc">
  <type>UNLOAD_MODULE</type>
  <arg>/lib64/ld-linux-x86-64.so.2</arg>
  <arg>3</arg>
  <severity>INFO</severity>
  <timestamp>Fri Jun 21 11:03:47 2024</timestamp>
</msg>
<msg id="16" tool="tc">
  <type>UNLOAD_MODULE</type>
  <arg>[vdso]</arg>
  <arg>4</arg>
  <severity>INFO</severity>
  <timestamp>Fri Jun 21 11:03:47 2024</timestamp>
</msg>
<msg id="17" tool="tc">
  <type>UNLOAD_MODULE</type>
  <arg>/lib64/libstdc++.so.6</arg>
  <arg>5</arg>
  <severity>INFO</severity>
  <timestamp>Fri Jun 21 11:03:47 2024</timestamp>
</msg>
<msg id="18" tool="tc">
  <type>UNLOAD_MODULE</type>
  <arg>/lib64/libm.so.6</arg>
  <arg>6</arg>
  <severity>INFO</severity>
  <timestamp>Fri Jun 21 11:03:47 2024</timestamp>
</msg>
<msg id="19" tool="tc">
  <type>UNLOAD_MODULE</type>
  <arg>/lib64/libgcc_s.so.1</arg>
  <arg>7</arg>
  <severity>INFO</severity>
  <timestamp>Fri Jun 21 11:03:47 2024</timestamp>
</msg>
<msg id="20" tool="tc">
  <type>UNLOAD_MODULE</type>
  <arg>/lib64/libc.so.6</arg>
  <arg>8</arg>
  <severity>INFO</severity>
  <timestamp>Fri Jun 21 11:03:47 2024</timestamp>
</msg>
<msg id="21" tool="tc">
  <type>PROCESS_TERMINATE</type>
  <arg>/home/user14/Vishwjeet/HPC Programming/mmult_serial</arg>
  <arg>68731</arg>
  <severity>INFO</severity>
  <timestamp>Fri Jun 21 11:03:47 2024</timestamp>
</msg>
<msg id="22" tool="tc">
  <type>ANALYSIS_COMPLETE</type>
  <severity>INFO</severity>
  <timestamp>Fri Jun 21 11:03:47 2024</timestamp>
</msg>
<msg id="23" tool="tc">
  <type>STOP</type>
  <severity>INFO</severity>
  <timestamp>Fri Jun 21 11:03:47 2024</timestamp>
</msg>
<msg id="24" tool="runtool">
  <type>app-exit-code</type>
  <arg>0</arg>
</msg>
<msg id="25" tool="runtool">
  <type>marker-file</type>
  <arg>/home/user14/Vishwjeet/HPC Programming/mmult_report/e000/dp000/dp000.advixe</arg>
</msg>
<msg id="26" tool="runtool">
  <type>collector-done</type>
</msg>
<msg id="27" tool="runtool">
  <type>log-end</type>
  <arg>2024/06/21 18:33:50</arg>
</msg>

</log>

