<?xml version="1.0" encoding="utf-8" ?>
<!-- DO NOT EDIT THIS FILE -->

<log version='2.0' source='tcet'>
	<!-- Opened annotation file /opt/intel/oneapi/advisor/2023.0.0/lib64/../config/tc/qt.ant -->
	<!-- Opened annotation file /opt/intel/oneapi/advisor/2023.0.0/lib64/../config/tc/cpp11.ant -->
	<!-- Opened annotation file /opt/intel/oneapi/advisor/2023.0.0/lib64/../config/tc/cpp11_atomics.ant -->
	<!-- Opened annotation file /opt/intel/oneapi/advisor/2023.0.0/lib64/../config/tc/opencl.ant -->
	<!-- Opened annotation file /opt/intel/oneapi/advisor/2023.0.0/lib64/../config/tc/fortran.ant -->
	<!-- Opened annotation file /opt/intel/oneapi/advisor/2023.0.0/lib64/../config/tc/icl.ant -->
	<!-- Opened annotation file /opt/intel/oneapi/advisor/2023.0.0/lib64/../config/tc/allocators.ant -->
	<!-- Opened annotation file /opt/intel/oneapi/advisor/2023.0.0/lib64/../config/tc/userapi.ant -->
	<msg id='1' source='tccore'>
		<type>SUPPORT_ONLY_ZCA</type>
		<severity>WARNING</severity>
		<timestamp>Fri Jun 21 10:22:00 2024</timestamp>
	</msg>
	<msg id='2' display='false' source='tccore'>
		<type>START</type>
		<severity>INFO</severity>
		<timestamp>Fri Jun 21 10:22:00 2024</timestamp>
	</msg>
	<!-- Successfully loaded CCRT 13.15.2 at address 0x7f514d534000 - 0x7f514d537000 -->
	<!-- Successfully loaded the TC Analysis Core 8.21.2 at address 0x7f514b61e000 - 0x7f514b650000 -->
	<!-- Successfully loaded the TC Instrumentation Engine 8.21.2 at address 0x7f514d540000 - 0x7f514d7b7000 -->
	<!-- Environment: INTEL_LIBITTNOTIFY32=/opt/intel/oneapi/advisor/2023.0.0/lib32/runtime/libittnotify.so -->
	<!-- Environment: INTEL_LIBITTNOTIFY64=/opt/intel/oneapi/advisor/2023.0.0/lib64/runtime/libittnotify.so -->
	<!-- Environment: INTEL_JIT_PROFILER32=/opt/intel/oneapi/advisor/2023.0.0/lib32/libpinjitprofiling.so -->
	<!-- Environment: INTEL_JIT_PROFILER64=/opt/intel/oneapi/advisor/2023.0.0/lib64/libpinjitprofiling.so -->
	<!-- This is the instance of interest -->
	<msg id='3' source='tcet'>
		<type>EXEC_OF_INTEREST</type>
		<severity>INFO</severity>
		<timestamp>Fri Jun 21 10:22:00 2024</timestamp>
		<arg name='process'>/home/user14/Vishwjeet/HPC Programming/mmult_serial</arg>
		<arg name='pid'>68731</arg>
	</msg>
	<msg id='4' source='tcet'>
		<type>LOAD_MODULE</type>
		<severity>INFO</severity>
		<timestamp>Fri Jun 21 10:22:00 2024</timestamp>
		<arg name='module'>/home/user14/Vishwjeet/HPC Programming/mmult_serial</arg>
		<arg name='basement'>0x400000</arg>
		<arg name='ceiling'>0x6022d7</arg>
		<arg name='id'>2</arg>
	</msg>
	<msg id='5' source='tcet'>
		<type>LOAD_MODULE</type>
		<severity>INFO</severity>
		<timestamp>Fri Jun 21 10:22:00 2024</timestamp>
		<arg name='module'>/lib64/ld-linux-x86-64.so.2</arg>
		<arg name='basement'>0x7f514fbb1000</arg>
		<arg name='ceiling'>0x7f514fdd414f</arg>
		<arg name='id'>3</arg>
	</msg>
	<msg id='6' source='tcet'>
		<type>LOAD_MODULE</type>
		<severity>INFO</severity>
		<timestamp>Fri Jun 21 10:22:00 2024</timestamp>
		<arg name='module'>[vdso]</arg>
		<arg name='basement'>0x7ffcf69ea000</arg>
		<arg name='ceiling'>0x7ffcf69eae6c</arg>
		<arg name='id'>4</arg>
	</msg>
	<msg id='7' source='tcet'>
		<type>LOAD_MODULE</type>
		<severity>INFO</severity>
		<timestamp>Fri Jun 21 10:22:00 2024</timestamp>
		<arg name='module'>/lib64/libstdc++.so.6</arg>
		<arg name='basement'>0x7f51392c5000</arg>
		<arg name='ceiling'>0x7f51395cc41f</arg>
		<arg name='id'>5</arg>
	</msg>
	<msg id='8' source='tcet'>
		<type>LOAD_MODULE</type>
		<severity>INFO</severity>
		<timestamp>Fri Jun 21 10:22:00 2024</timestamp>
		<arg name='module'>/lib64/libm.so.6</arg>
		<arg name='basement'>0x7f5138f0f000</arg>
		<arg name='ceiling'>0x7f5139210137</arg>
		<arg name='id'>6</arg>
	</msg>
	<msg id='9' source='tcet'>
		<type>LOAD_MODULE</type>
		<severity>INFO</severity>
		<timestamp>Fri Jun 21 10:22:00 2024</timestamp>
		<arg name='module'>/lib64/libgcc_s.so.1</arg>
		<arg name='basement'>0x7f5138cf9000</arg>
		<arg name='ceiling'>0x7f5138f0e3ff</arg>
		<arg name='id'>7</arg>
	</msg>
	<msg id='10' source='tcet'>
		<type>LOAD_MODULE</type>
		<severity>INFO</severity>
		<timestamp>Fri Jun 21 10:22:00 2024</timestamp>
		<arg name='module'>/lib64/libc.so.6</arg>
		<arg name='basement'>0x7f513892b000</arg>
		<arg name='ceiling'>0x7f5138cf81ff</arg>
		<arg name='id'>8</arg>
	</msg>
	<msg id='11' source='tcet'>
		<type>UNLOAD_MODULE</type>
		<severity>INFO</severity>
		<timestamp>Fri Jun 21 11:03:47 2024</timestamp>
		<arg name='module'>/home/user14/Vishwjeet/HPC Programming/mmult_serial</arg>
		<arg name='id'>2</arg>
	</msg>
	<msg id='12' source='tcet'>
		<type>UNLOAD_MODULE</type>
		<severity>INFO</severity>
		<timestamp>Fri Jun 21 11:03:47 2024</timestamp>
		<arg name='module'>/lib64/ld-linux-x86-64.so.2</arg>
		<arg name='id'>3</arg>
	</msg>
	<msg id='13' source='tcet'>
		<type>UNLOAD_MODULE</type>
		<severity>INFO</severity>
		<timestamp>Fri Jun 21 11:03:47 2024</timestamp>
		<arg name='module'>[vdso]</arg>
		<arg name='id'>4</arg>
	</msg>
	<msg id='14' source='tcet'>
		<type>UNLOAD_MODULE</type>
		<severity>INFO</severity>
		<timestamp>Fri Jun 21 11:03:47 2024</timestamp>
		<arg name='module'>/lib64/libstdc++.so.6</arg>
		<arg name='id'>5</arg>
	</msg>
	<msg id='15' source='tcet'>
		<type>UNLOAD_MODULE</type>
		<severity>INFO</severity>
		<timestamp>Fri Jun 21 11:03:47 2024</timestamp>
		<arg name='module'>/lib64/libm.so.6</arg>
		<arg name='id'>6</arg>
	</msg>
	<msg id='16' source='tcet'>
		<type>UNLOAD_MODULE</type>
		<severity>INFO</severity>
		<timestamp>Fri Jun 21 11:03:47 2024</timestamp>
		<arg name='module'>/lib64/libgcc_s.so.1</arg>
		<arg name='id'>7</arg>
	</msg>
	<msg id='17' source='tcet'>
		<type>UNLOAD_MODULE</type>
		<severity>INFO</severity>
		<timestamp>Fri Jun 21 11:03:47 2024</timestamp>
		<arg name='module'>/lib64/libc.so.6</arg>
		<arg name='id'>8</arg>
	</msg>
	<msg id='18' source='tcet'>
		<type>PROCESS_TERMINATE</type>
		<severity>INFO</severity>
		<timestamp>Fri Jun 21 11:03:47 2024</timestamp>
		<arg name='process'>/home/user14/Vishwjeet/HPC Programming/mmult_serial</arg>
		<arg name='pid'>68731</arg>
	</msg>
	<msg id='19' display='false' source='tccore'>
		<type>ANALYSIS_COMPLETE</type>
		<severity>INFO</severity>
		<timestamp>Fri Jun 21 11:03:47 2024</timestamp>
	</msg>
	<msg id='20' display='false' source='tccore'>
		<type>STOP</type>
		<severity>INFO</severity>
		<timestamp>Fri Jun 21 11:03:47 2024</timestamp>
	</msg>
</log>