9 [140552352008064] INFO perfrun.launcher <> - Launcher main begin
10 [140552352008064] INFO perfrun.launcher <> - MessageCatalogInit finished
10 [140552352008064] INFO perfrun.launcher <> - Launcher instance created
10 [140552352008064] INFO perfrun.launcher <> - argc = 6; cmdline = /opt/intel/oneapi/vtune/2023.0.0/bin64/amplxe-runss -dump-vdso -r /home/user14/Vishwjeet_Ujgare_Feb_2024/HPC Programming/vtune/01/report --tmp-dir /tmp/amplxe-tmp-user14 
75 [140552352008064] INFO perfrun.launcher <> - create msngr2::ICliToolContext
75 [140552352008064] INFO perfrun.launcher <> - create file finder object
82 [140552234051328] INFO perfrun.launcher <> - plugin [remoteplug] was disabled because it doesn't support the given collection type.
82 [140552234051328] INFO perfrun.launcher <> - plugin [system] was disabled because it doesn't support the given collection type.
82 [140552234051328] INFO perfrun.vdso <> - dumping [vdso] pseudomodule
92 [140552234051328] INFO perfrun.launcher <> - plugin [itt] was disabled because it doesn't support the given collection type.
92 [140552234051328] INFO perfrun.launcher <> - plugin [ptracecollector] was disabled because it doesn't support the given collection type.
92 [140552234051328] INFO perfrun.launcher <> - plugin [gpu] was disabled because it doesn't support the given collection type.
92 [140552234051328] INFO perfrun.launcher <> - plugin [] was disabled because it doesn't support the given collection type.
92 [140552234051328] INFO perfrun.launcher <> - plugin [] was disabled because it doesn't support the given collection type.
92 [140552234051328] INFO perfrun.launcher <> - plugin [] was disabled because it doesn't support the given collection type.
92 [140552234051328] INFO perfrun.launcher <> - plugin [mrte] was disabled because it doesn't support the given collection type.
92 [140552234051328] INFO perfrun.launcher <> - plugin [emon] was disabled because it doesn't support the given collection type.
92 [140552234051328] INFO perfrun.launcher <> - plugin [cuscol] was disabled because it doesn't support the given collection type.
92 [140552234051328] INFO perfrun.launcher <> - plugin [stdsrc] was disabled because it doesn't support the given collection type.
92 [140552234051328] INFO perfrun.launcher <> - plugin [sep] was disabled because it doesn't support the given collection type.
92 [140552234051328] INFO perfrun.launcher <> - plugin [vtsspp] was disabled because it doesn't support the given collection type.
93 [140552234051328] INFO perfrun.launcher <> - plugin [perf] was disabled because it doesn't support the given collection type.
93 [140552234051328] INFO perfrun.launcher <> - plugin [aoclprofile] was disabled because it doesn't support the given collection type.
93 [140552234051328] INFO perfrun.launcher <> - plugin [tpss] was disabled because it doesn't support the given collection type.
93 [140552234051328] INFO perfrun.launcher <> - plugin [media] was disabled because it doesn't support the given collection type.
93 [140552234051328] INFO perfrun.launcher <> - plugin [] was disabled because it doesn't support the given collection type.
93 [140552234051328] INFO perfrun.launcher <> - plugin [] was disabled because it doesn't support the given collection type.
93 [140552234051328] INFO perfrun.launcher <> - plugin [parallelfs] was disabled because it doesn't support the given collection type.
93 [140552234051328] INFO perfrun.launcher <> - plugin [power] was disabled because it doesn't support the given collection type.
93 [140552234051328] INFO perfrun.launcher <> - plugin [hwloc] was disabled because it doesn't support the given collection type.
93 [140552234051328] INFO perfrun.launcher <> - plugin [ipmwatch] was disabled because it doesn't support the given collection type.
93 [140552234051328] INFO perfrun.launcher <> - plugin [os_counters] was disabled because it doesn't support the given collection type.
93 [140552234051328] INFO perfrun.launcher <> - plugin [l0_metrics] was disabled because it doesn't support the given collection type.
93 [140552352008064] INFO perfrun.launcher <> - Application exit code: 0
93 [140552352008064] INFO perfrun.launcher <> - Exit code: 0
